info it worked if it ends with ok
verbose cli [ 'node', '/usr/local/bin/npm', 'start' ]
info using npm@1.1.0-3
info using node@v0.6.9
verbose config file /Users/angela/.npmrc
verbose config file /usr/local/etc/npmrc
verbose config file /usr/local/lib/node_modules/npm/npmrc
verbose caching /Users/angela/Dropbox/COMP1521/LANLine/package.json
verbose loadDefaults LANLine@1.0.0
verbose run-script [ 'prestart', 'start', 'poststart' ]
info prestart LANLine@1.0.0
info start LANLine@1.0.0
verbose unsafe-perm in lifecycle true
silly exec sh "-c" "npm run build && electron ./dist/main.js"
silly spawning [ 'sh',
silly spawning   [ '-c', 'npm run build && electron ./dist/main.js' ],
silly spawning   '/Users/angela/Dropbox/COMP1521/LANLine' ]
info LANLine@1.0.0 Failed to exec start script
ERR! LANLine@1.0.0 start: `npm run build && electron ./dist/main.js`
ERR! `sh "-c" "npm run build && electron ./dist/main.js"` failed with 1
ERR! 
ERR! Failed at the LANLine@1.0.0 start script.
ERR! This is most likely a problem with the LANLine package,
ERR! not with npm itself.
ERR! Tell the author that this fails on your system:
ERR!     npm run build && electron ./dist/main.js
ERR! You can get their info via:
ERR!     npm owner ls LANLine
ERR! There is likely additional logging output above.
ERR! 
ERR! System Darwin 15.6.0
ERR! command "node" "/usr/local/bin/npm" "start"
ERR! cwd /Users/angela/Dropbox/COMP1521/LANLine
ERR! node -v v0.6.9
ERR! npm -v 1.1.0-3
ERR! code ELIFECYCLE
ERR! message LANLine@1.0.0 start: `npm run build && electron ./dist/main.js`
ERR! message `sh "-c" "npm run build && electron ./dist/main.js"` failed with 1
ERR! errno {}
verbose exit [ 1, true ]
